[
  {
    "run_id": "samvil-2026-04-04-001",
    "seed_name": "simple-todo-app",
    "timestamp": "2026-04-04T12:30:00+09:00",
    "stages": {
      "interview": { "questions": 4 },
      "seed": { "user_edits": 0 },
      "scaffold": { "build_retries": 1, "note": "template missing on first attempt, fixed after skill update" },
      "build": { "features_attempted": 6, "features_passed": 6, "retries": 0 },
      "qa": { "verdict": "PASS", "iterations": 1 }
    },
    "suggestions": [],
    "resolved_in": "v0.3.1 — web-recipes.md, Build Phase A.5 dependency pre-resolution, CLI-only scaffold"
  },
  {
    "run_id": "samvil-2026-04-04-002",
    "seed_name": "simple-calculator",
    "timestamp": "2026-04-04T18:00:00+09:00",
    "stages": {
      "interview": { "questions": 4 },
      "seed": { "user_edits": 0 },
      "scaffold": { "build_retries": 0 },
      "build": { "features_attempted": 4, "features_passed": 4, "retries": 0 },
      "qa": { "verdict": "PASS", "iterations": 1 }
    },
    "suggestions": [
      "[samvil-qa] Add optional Playwright runtime verification for AC — code-reading alone can't catch calculation logic bugs"
    ],
    "resolved_in": "v0.3.1 — Design mandatory for all tiers (opposite of skip suggestion), single-component heuristic covered by Build feature batching"
  },
  {
    "run_id": "samvil-2026-04-04-003",
    "seed_name": "todo-kanban",
    "timestamp": "2026-04-04T22:15:00+09:00",
    "stages": {
      "interview": { "questions": 5 },
      "seed": { "user_edits": 1, "note": "agent_tier minimal→standard" },
      "council": { "agents": 3, "verdict": "CONDITIONAL GO", "seed_version": "1→2" },
      "scaffold": { "build_retries": 0 },
      "build": { "features_attempted": 4, "features_passed": 4, "retries": 0 },
      "qa": { "verdict": "PASS", "iterations": 1, "partial_count": 2 }
    },
    "suggestions": [],
    "resolved_in": "v0.3.1 — CRUD validation in Seed, retro chain fix, blueprint.key_libraries in Scaffold"
  },
  {
    "run_id": "samvil-2026-04-05-004",
    "seed_name": "teambase",
    "timestamp": "2026-04-05T16:00:00+09:00",
    "run_type": "brownfield",
    "stages": {
      "interview": { "questions": 0, "note": "skipped — brownfield mode has no interview" },
      "analyze": { "files_scanned": 150, "packages_detected": 7, "framework": "Next.js 14 App Router + Fastify + Hocuspocus" },
      "seed": { "user_edits": 0, "version": "1→2", "evolution_iterations": 1 },
      "scaffold": { "build_retries": 0, "note": "skipped — brownfield, no scaffold needed" },
      "build": { "features_attempted": 0, "features_passed": 14, "retries": 0, "note": "all features existing — no build needed" },
      "qa": { "verdict": "PASS", "iterations": 2, "partial_count": 3, "note": "REVISE→PASS. 10 PASS, 3 PARTIAL (Gantt deps stub, Meilisearch mock, sidebar not responsive)" },
      "evolve": { "iterations": 1, "changes": 9 }
    },
    "suggestions": [
      "[samvil-analyze] Add monorepo build detection — parse root package.json build:all/build:* scripts and run full monorepo build in Pass 1",
      "[samvil-analyze] Add Focus Scope interview step after analysis — ask user 'Which area to focus QA on?' before running full verification"
    ],
    "resolved_in": "v0.3.1 — PARTIAL/UNIMPLEMENTED distinction in QA"
  },
  {
    "run_id": "samvil-2026-04-05-005",
    "seed_name": "rezume",
    "timestamp": "2026-04-06T00:27:00+09:00",
    "stages": {
      "interview": { "questions": 0, "note": "product-brief + market-research loaded as context, no interactive interview" },
      "seed": { "user_edits": 0, "version": "1→3", "note": "3 revisions during build — constraints tightened, features refined" },
      "scaffold": { "build_retries": 1, "note": "Tailwind v4 globals.css missing @import tailwindcss — caused all subsequent build issues" },
      "build": { "features_attempted": 4, "features_passed": 4, "retries": 11, "note": "12 total build attempts. Tailwind v4 config was root cause of most retries" },
      "qa": { "verdict": "PASS", "iterations": 2, "partial_count": 9, "note": "REVISE→PASS. 7 issues in iter 1. All resolved in iter 2. 9 PARTIAL = backend stubs (expected for v1 frontend)" }
    },
    "suggestions": [],
    "resolved_in": "v0.3.1 — Tailwind v4 cross-verification in Scaffold, Build Phase A.5, events.jsonl, progress output, launch-checklist, UNIMPLEMENTED verdict, Evolve 4-dimension, Design mandatory, CONCERN→REVISE, agent utilization report"
  }
]
